This file contains any messages produced by compilers while
running configure, to aid debugging if configure makes a mistake.

It was created by configure, which was
generated by GNU Autoconf 2.71.  Invocation command line was

  $ ./configure --enable-oqs

## --------- ##
## Platform. ##
## --------- ##

hostname = ubuntu-linux-22-04-02-desktop
uname -m = x86_64
uname -r = 6.5.0-35-generic
uname -s = Linux
uname -v = #35~22.04.1-Ubuntu SMP PREEMPT_DYNAMIC Tue May  7 09:00:52 UTC 2

/usr/bin/uname -p = x86_64
/bin/uname -X     = unknown

/bin/arch              = x86_64
/usr/bin/arch -k       = unknown
/usr/convex/getsysinfo = unknown
/usr/bin/hostinfo      = unknown
/bin/machine           = unknown
/usr/bin/oslevel       = unknown
/bin/universe          = unknown

PATH: /usr/local/sbin/
PATH: /usr/local/bin/
PATH: /usr/sbin/
PATH: /usr/bin/
PATH: /sbin/
PATH: /bin/
PATH: /usr/games/
PATH: /usr/local/games/
PATH: /snap/bin/
PATH: /snap/bin/


## ----------- ##
## Core tests. ##
## ----------- ##

configure:2362: looking for aux files: ltmain.sh config.guess config.sub
configure:2375:  trying ./build/
configure:2404:   ./build/ltmain.sh found
configure:2404:   ./build/config.guess found
configure:2404:   ./build/config.sub found
configure:2521: checking for grep that handles long lines and -e
configure:2585: result: /usr/bin/grep
configure:2590: checking for egrep
configure:2658: result: /usr/bin/grep -E
configure:2663: checking for a sed that does not truncate output
configure:2733: result: /usr/bin/sed
configure:2877: checking for pkg-config
configure:2900: found /usr/bin/pkg-config
configure:2912: result: /usr/bin/pkg-config
configure:2937: checking pkg-config is at least version 0.9.0
configure:2940: result: yes
configure:3016: checking for cc
configure:3037: found /usr/bin/cc
configure:3048: result: cc
configure:3079: checking for C compiler version
configure:3088: cc --version >&5
cc (Ubuntu 11.4.0-1ubuntu1~22.04) 11.4.0
Copyright (C) 2021 Free Software Foundation, Inc.
This is free software; see the source for copying conditions.  There is NO
warranty; not even for MERCHANTABILITY or FITNESS FOR A PARTICULAR PURPOSE.

configure:3099: $? = 0
configure:3088: cc -v >&5
Using built-in specs.
COLLECT_GCC=cc
COLLECT_LTO_WRAPPER=/usr/lib/gcc/x86_64-linux-gnu/11/lto-wrapper
OFFLOAD_TARGET_NAMES=nvptx-none:amdgcn-amdhsa
OFFLOAD_TARGET_DEFAULT=1
Target: x86_64-linux-gnu
Configured with: ../src/configure -v --with-pkgversion='Ubuntu 11.4.0-1ubuntu1~22.04' --with-bugurl=file:///usr/share/doc/gcc-11/README.Bugs --enable-languages=c,ada,c++,go,brig,d,fortran,objc,obj-c++,m2 --prefix=/usr --with-gcc-major-version-only --program-suffix=-11 --program-prefix=x86_64-linux-gnu- --enable-shared --enable-linker-build-id --libexecdir=/usr/lib --without-included-gettext --enable-threads=posix --libdir=/usr/lib --enable-nls --enable-bootstrap --enable-clocale=gnu --enable-libstdcxx-debug --enable-libstdcxx-time=yes --with-default-libstdcxx-abi=new --enable-gnu-unique-object --disable-vtable-verify --enable-plugin --enable-default-pie --with-system-zlib --enable-libphobos-checking=release --with-target-system-zlib=auto --enable-objc-gc=auto --enable-multiarch --disable-werror --enable-cet --with-arch-32=i686 --with-abi=m64 --with-multilib-list=m32,m64,mx32 --enable-multilib --with-tune=generic --enable-offload-targets=nvptx-none=/build/gcc-11-XeT9lY/gcc-11-11.4.0/debian/tmp-nvptx/usr,amdgcn-amdhsa=/build/gcc-11-XeT9lY/gcc-11-11.4.0/debian/tmp-gcn/usr --without-cuda-driver --enable-checking=release --build=x86_64-linux-gnu --host=x86_64-linux-gnu --target=x86_64-linux-gnu --with-build-config=bootstrap-lto-lean --enable-link-serialization=2
Thread model: posix
Supported LTO compression algorithms: zlib zstd
gcc version 11.4.0 (Ubuntu 11.4.0-1ubuntu1~22.04) 
... rest of stderr output deleted ...
configure:3099: $? = 0
configure:3088: cc -V >&5
cc: error: unrecognized command-line option '-V'
cc: fatal error: no input files
compilation terminated.
configure:3099: $? = 1
configure:3088: cc -qversion >&5
cc: error: unrecognized command-line option '-qversion'; did you mean '--version'?
cc: fatal error: no input files
compilation terminated.
configure:3099: $? = 1
configure:3088: cc -version >&5
cc: error: unrecognized command-line option '-version'
cc: fatal error: no input files
compilation terminated.
configure:3099: $? = 1
configure:3119: checking whether the C compiler works
configure:3141: cc    conftest.c  >&5
configure:3145: $? = 0
configure:3195: result: yes
configure:3198: checking for C compiler default output file name
configure:3200: result: a.out
configure:3206: checking for suffix of executables
configure:3213: cc -o conftest    conftest.c  >&5
configure:3217: $? = 0
configure:3240: result: 
configure:3262: checking whether we are cross compiling
configure:3270: cc -o conftest    conftest.c  >&5
configure:3274: $? = 0
configure:3281: ./conftest
configure:3285: $? = 0
configure:3300: result: no
configure:3305: checking for suffix of object files
configure:3328: cc -c   conftest.c >&5
configure:3332: $? = 0
configure:3354: result: o
configure:3358: checking whether the compiler supports GNU C
configure:3378: cc -c   conftest.c >&5
configure:3378: $? = 0
configure:3388: result: yes
configure:3399: checking whether cc accepts -g
configure:3420: cc -c -g  conftest.c >&5
configure:3420: $? = 0
configure:3464: result: yes
configure:3484: checking for cc option to enable C11 features
configure:3499: cc  -c -g -O2  conftest.c >&5
configure:3499: $? = 0
configure:3517: result: none needed
configure:3633: checking how to run the C preprocessor
configure:3659: cc -E  conftest.c
configure:3659: $? = 0
configure:3674: cc -E  conftest.c
conftest.c:9:10: fatal error: ac_nonexistent.h: No such file or directory
    9 | #include <ac_nonexistent.h>
      |          ^~~~~~~~~~~~~~~~~~
compilation terminated.
configure:3674: $? = 1
configure: failed program was:
| /* confdefs.h */
| #define PACKAGE_NAME ""
| #define PACKAGE_TARNAME ""
| #define PACKAGE_VERSION ""
| #define PACKAGE_STRING ""
| #define PACKAGE_BUGREPORT ""
| #define PACKAGE_URL ""
| /* end confdefs.h.  */
| #include <ac_nonexistent.h>
configure:3701: result: cc -E
configure:3715: cc -E  conftest.c
configure:3715: $? = 0
configure:3730: cc -E  conftest.c
conftest.c:9:10: fatal error: ac_nonexistent.h: No such file or directory
    9 | #include <ac_nonexistent.h>
      |          ^~~~~~~~~~~~~~~~~~
compilation terminated.
configure:3730: $? = 1
configure: failed program was:
| /* confdefs.h */
| #define PACKAGE_NAME ""
| #define PACKAGE_TARNAME ""
| #define PACKAGE_VERSION ""
| #define PACKAGE_STRING ""
| #define PACKAGE_BUGREPORT ""
| #define PACKAGE_URL ""
| /* end confdefs.h.  */
| #include <ac_nonexistent.h>
configure:3763: checking for icc
configure:3773: result: no
configure:3787: checking for suncc
configure:3797: result: no
configure:3815: checking for system library directory
configure:3831: result: lib
configure:3838: checking if compiler supports -Wl,-rpath,
configure:3858: cc -o conftest -g -O2   conftest.c -Wl,-rpath,/usr/lib  >&5
configure:3858: $? = 0
configure:3869: result: yes
configure:3924: checking build system type
configure:3939: result: x86_64-pc-linux-gnu
configure:3959: checking host system type
configure:3973: result: x86_64-pc-linux-gnu
configure:3993: checking target system type
configure:4007: result: x86_64-pc-linux-gnu
configure:4111: checking for PHP prefix
configure:4113: result: /usr
configure:4115: checking for PHP includes
configure:4117: result: -I/usr/include/php/20210902 -I/usr/include/php/20210902/main -I/usr/include/php/20210902/TSRM -I/usr/include/php/20210902/Zend -I/usr/include/php/20210902/ext -I/usr/include/php/20210902/ext/date/lib
configure:4119: checking for PHP extension directory
configure:4121: result: /usr/lib/php/20210902
configure:4123: checking for PHP installed headers prefix
configure:4125: result: /usr/include/php/20210902
configure:4128: checking if debug is enabled
configure:4155: result: no
configure:4158: checking if zts is enabled
configure:4185: result: no
configure:4253: checking for gawk
configure:4289: result: no
configure:4253: checking for nawk
configure:4275: found /usr/bin/nawk
configure:4286: result: nawk
configure:4309: checking if nawk is broken
configure:4316: result: no
configure:4329: checking whether to enable ext-oqs support
configure:4369: result: yes, shared
configure:4694: checking how to print strings
configure:4721: result: printf
configure:4742: checking for a sed that does not truncate output
configure:4812: result: /usr/bin/sed
configure:4830: checking for fgrep
configure:4898: result: /usr/bin/grep -F
configure:4934: checking for ld used by cc
configure:5002: result: /usr/bin/ld
configure:5009: checking if the linker (/usr/bin/ld) is GNU ld
configure:5025: result: yes
configure:5037: checking for BSD- or MS-compatible name lister (nm)
configure:5092: result: /usr/bin/nm -B
configure:5232: checking the name lister (/usr/bin/nm -B) interface
configure:5240: cc -c -g -O2  conftest.c >&5
configure:5243: /usr/bin/nm -B "conftest.o"
configure:5246: output
0000000000000000 B some_variable
configure:5253: result: BSD nm
configure:5256: checking whether ln -s works
configure:5260: result: yes
configure:5268: checking the maximum length of command line arguments
configure:5400: result: 1572864
configure:5448: checking how to convert x86_64-pc-linux-gnu file names to x86_64-pc-linux-gnu format
configure:5489: result: func_convert_file_noop
configure:5496: checking how to convert x86_64-pc-linux-gnu file names to toolchain format
configure:5517: result: func_convert_file_noop
configure:5524: checking for /usr/bin/ld option to reload object files
configure:5532: result: -r
configure:5611: checking for objdump
configure:5632: found /usr/bin/objdump
configure:5643: result: objdump
configure:5675: checking how to recognize dependent libraries
configure:5876: result: pass_all
configure:5966: checking for dlltool
configure:6001: result: no
configure:6031: checking how to associate runtime and link libraries
configure:6059: result: printf %s\n
configure:6124: checking for ar
configure:6145: found /usr/bin/ar
configure:6156: result: ar
configure:6193: checking for archiver @FILE support
configure:6211: cc -c -g -O2  conftest.c >&5
configure:6211: $? = 0
configure:6215: ar cr libconftest.a @conftest.lst >&5
configure:6218: $? = 0
configure:6223: ar cr libconftest.a @conftest.lst >&5
ar: conftest.o: No such file or directory
configure:6226: $? = 1
configure:6238: result: @
configure:6301: checking for strip
configure:6322: found /usr/bin/strip
configure:6333: result: strip
configure:6410: checking for ranlib
configure:6431: found /usr/bin/ranlib
configure:6442: result: ranlib
configure:6519: checking for gawk
configure:6551: result: nawk
configure:6591: checking command to parse /usr/bin/nm -B output from cc object
configure:6745: cc -c -g -O2  conftest.c >&5
configure:6748: $? = 0
configure:6752: /usr/bin/nm -B conftest.o | sed -n -e 's/^.*[	 ]\([ABCDGIRSTW][ABCDGIRSTW]*\)[	 ][	 ]*\([_A-Za-z][_A-Za-z0-9]*\)$/\1 \2 \2/p' | sed '/ __gnu_lto/d' > conftest.nm
configure:6818: cc -o conftest -g -O2   conftest.c conftstm.o >&5
configure:6821: $? = 0
configure:6859: result: ok
configure:6906: checking for sysroot
configure:6937: result: no
configure:6944: checking for a working dd
configure:6988: result: /usr/bin/dd
configure:6992: checking how to truncate binary pipes
configure:7008: result: /usr/bin/dd bs=4096 count=1
configure:7145: cc -c -g -O2  conftest.c >&5
configure:7148: $? = 0
configure:7345: checking for mt
configure:7366: found /usr/bin/mt
configure:7377: result: mt
configure:7400: checking if mt is a manifest tool
configure:7407: mt '-?'
configure:7415: result: no
configure:8145: checking for stdio.h
configure:8145: cc -c -g -O2  conftest.c >&5
configure:8145: $? = 0
configure:8145: result: yes
configure:8145: checking for stdlib.h
configure:8145: cc -c -g -O2  conftest.c >&5
configure:8145: $? = 0
configure:8145: result: yes
configure:8145: checking for string.h
configure:8145: cc -c -g -O2  conftest.c >&5
configure:8145: $? = 0
configure:8145: result: yes
configure:8145: checking for inttypes.h
configure:8145: cc -c -g -O2  conftest.c >&5
configure:8145: $? = 0
configure:8145: result: yes
configure:8145: checking for stdint.h
configure:8145: cc -c -g -O2  conftest.c >&5
configure:8145: $? = 0
configure:8145: result: yes
configure:8145: checking for strings.h
configure:8145: cc -c -g -O2  conftest.c >&5
configure:8145: $? = 0
configure:8145: result: yes
configure:8145: checking for sys/stat.h
configure:8145: cc -c -g -O2  conftest.c >&5
configure:8145: $? = 0
configure:8145: result: yes
configure:8145: checking for sys/types.h
configure:8145: cc -c -g -O2  conftest.c >&5
configure:8145: $? = 0
configure:8145: result: yes
configure:8145: checking for unistd.h
configure:8145: cc -c -g -O2  conftest.c >&5
configure:8145: $? = 0
configure:8145: result: yes
configure:8170: checking for dlfcn.h
configure:8170: cc -c -g -O2  conftest.c >&5
configure:8170: $? = 0
configure:8170: result: yes
configure:8429: checking for objdir
configure:8445: result: .libs
configure:8709: checking if cc supports -fno-rtti -fno-exceptions
configure:8728: cc -c -g -O2  -fno-rtti -fno-exceptions conftest.c >&5
cc1: warning: command-line option '-fno-rtti' is valid for C++/D/ObjC++ but not for C
configure:8732: $? = 0
configure:8745: result: no
configure:9109: checking for cc option to produce PIC
configure:9117: result: -fPIC -DPIC
configure:9125: checking if cc PIC flag -fPIC -DPIC works
configure:9144: cc -c -g -O2  -fPIC -DPIC -DPIC conftest.c >&5
configure:9148: $? = 0
configure:9161: result: yes
configure:9190: checking if cc static flag -static works
configure:9219: result: yes
configure:9234: checking if cc supports -c -o file.o
configure:9256: cc -c -g -O2  -o out/conftest2.o conftest.c >&5
configure:9260: $? = 0
configure:9282: result: yes
configure:9290: checking if cc supports -c -o file.o
configure:9338: result: yes
configure:9371: checking whether the cc linker (/usr/bin/ld -m elf_x86_64) supports shared libraries
configure:10641: result: yes
configure:10678: checking whether -lc should be explicitly linked in
configure:10687: cc -c -g -O2  conftest.c >&5
configure:10690: $? = 0
configure:10705: cc -shared  -fPIC -DPIC conftest.o  -v -Wl,-soname -Wl,conftest -o conftest 2\>\&1 \| /usr/bin/grep  -lc  \>/dev/null 2\>\&1
configure:10708: $? = 0
configure:10722: result: no
configure:10882: checking dynamic linker characteristics
configure:11464: cc -o conftest -g -O2   -Wl,-rpath -Wl,/foo conftest.c  >&5
configure:11464: $? = 0
configure:11715: result: GNU/Linux ld.so
configure:11837: checking how to hardcode library paths into programs
configure:11862: result: immediate
configure:12414: checking whether stripping libraries is possible
configure:12419: result: yes
configure:12454: checking if libtool supports shared libraries
configure:12456: result: yes
configure:12459: checking whether to build shared libraries
configure:12484: result: yes
configure:12487: checking whether to build static libraries
configure:12491: result: no
configure:12816: patching config.h.in
configure:12827: creating ./config.status

## ---------------------- ##
## Running config.status. ##
## ---------------------- ##

This file was extended by config.status, which was
generated by GNU Autoconf 2.71.  Invocation command line was

  CONFIG_FILES    = 
  CONFIG_HEADERS  = 
  CONFIG_LINKS    = 
  CONFIG_COMMANDS = 
  $ ./config.status 

on ubuntu-linux-22-04-02-desktop

config.status:882: creating config.h
config.status:972: config.h is unchanged
config.status:986: executing libtool commands

## ---------------- ##
## Cache variables. ##
## ---------------- ##

ac_cv_build=x86_64-pc-linux-gnu
ac_cv_c_compiler_gnu=yes
ac_cv_env_CC_set=
ac_cv_env_CC_value=
ac_cv_env_CFLAGS_set=
ac_cv_env_CFLAGS_value=
ac_cv_env_CPPFLAGS_set=
ac_cv_env_CPPFLAGS_value=
ac_cv_env_CPP_set=
ac_cv_env_CPP_value=
ac_cv_env_LDFLAGS_set=
ac_cv_env_LDFLAGS_value=
ac_cv_env_LIBS_set=
ac_cv_env_LIBS_value=
ac_cv_env_LT_SYS_LIBRARY_PATH_set=
ac_cv_env_LT_SYS_LIBRARY_PATH_value=
ac_cv_env_PKG_CONFIG_LIBDIR_set=
ac_cv_env_PKG_CONFIG_LIBDIR_value=
ac_cv_env_PKG_CONFIG_PATH_set=
ac_cv_env_PKG_CONFIG_PATH_value=
ac_cv_env_PKG_CONFIG_set=
ac_cv_env_PKG_CONFIG_value=
ac_cv_env_build_alias_set=
ac_cv_env_build_alias_value=
ac_cv_env_host_alias_set=
ac_cv_env_host_alias_value=
ac_cv_env_target_alias_set=
ac_cv_env_target_alias_value=
ac_cv_header_dlfcn_h=yes
ac_cv_header_inttypes_h=yes
ac_cv_header_stdint_h=yes
ac_cv_header_stdio_h=yes
ac_cv_header_stdlib_h=yes
ac_cv_header_string_h=yes
ac_cv_header_strings_h=yes
ac_cv_header_sys_stat_h=yes
ac_cv_header_sys_types_h=yes
ac_cv_header_unistd_h=yes
ac_cv_host=x86_64-pc-linux-gnu
ac_cv_objext=o
ac_cv_path_EGREP='/usr/bin/grep -E'
ac_cv_path_FGREP='/usr/bin/grep -F'
ac_cv_path_GREP=/usr/bin/grep
ac_cv_path_SED=/usr/bin/sed
ac_cv_path_ac_pt_PKG_CONFIG=/usr/bin/pkg-config
ac_cv_path_lt_DD=/usr/bin/dd
ac_cv_prog_AWK=nawk
ac_cv_prog_CPP='cc -E'
ac_cv_prog_ac_ct_AR=ar
ac_cv_prog_ac_ct_CC=cc
ac_cv_prog_ac_ct_MANIFEST_TOOL=mt
ac_cv_prog_ac_ct_OBJDUMP=objdump
ac_cv_prog_ac_ct_RANLIB=ranlib
ac_cv_prog_ac_ct_STRIP=strip
ac_cv_prog_cc_c11=
ac_cv_prog_cc_g=yes
ac_cv_prog_cc_stdc=
ac_cv_target=x86_64-pc-linux-gnu
lt_cv_ar_at_file=@
lt_cv_archive_cmds_need_lc=no
lt_cv_deplibs_check_method=pass_all
lt_cv_file_magic_cmd='$MAGIC_CMD'
lt_cv_file_magic_test_file=
lt_cv_ld_reload_flag=-r
lt_cv_nm_interface='BSD nm'
lt_cv_objdir=.libs
lt_cv_path_LD=/usr/bin/ld
lt_cv_path_NM='/usr/bin/nm -B'
lt_cv_path_mainfest_tool=no
lt_cv_prog_compiler_c_o=yes
lt_cv_prog_compiler_pic='-fPIC -DPIC'
lt_cv_prog_compiler_pic_works=yes
lt_cv_prog_compiler_rtti_exceptions=no
lt_cv_prog_compiler_static_works=yes
lt_cv_prog_gnu_ld=yes
lt_cv_sharedlib_from_linklib_cmd='printf %s\n'
lt_cv_shlibpath_overrides_runpath=yes
lt_cv_sys_global_symbol_pipe='sed -n -e '\''s/^.*[	 ]\([ABCDGIRSTW][ABCDGIRSTW]*\)[	 ][	 ]*\([_A-Za-z][_A-Za-z0-9]*\)$/\1 \2 \2/p'\'' | sed '\''/ __gnu_lto/d'\'''
lt_cv_sys_global_symbol_to_c_name_address='sed -n -e '\''s/^: \(.*\) .*$/  {"\1", (void *) 0},/p'\'' -e '\''s/^[ABCDGIRSTW][ABCDGIRSTW]* .* \(.*\)$/  {"\1", (void *) \&\1},/p'\'''
lt_cv_sys_global_symbol_to_c_name_address_lib_prefix='sed -n -e '\''s/^: \(.*\) .*$/  {"\1", (void *) 0},/p'\'' -e '\''s/^[ABCDGIRSTW][ABCDGIRSTW]* .* \(lib.*\)$/  {"\1", (void *) \&\1},/p'\'' -e '\''s/^[ABCDGIRSTW][ABCDGIRSTW]* .* \(.*\)$/  {"lib\1", (void *) \&\1},/p'\'''
lt_cv_sys_global_symbol_to_cdecl='sed -n -e '\''s/^T .* \(.*\)$/extern int \1();/p'\'' -e '\''s/^[ABCDGIRSTW][ABCDGIRSTW]* .* \(.*\)$/extern char \1;/p'\'''
lt_cv_sys_global_symbol_to_import=
lt_cv_sys_max_cmd_len=1572864
lt_cv_to_host_file_cmd=func_convert_file_noop
lt_cv_to_tool_file_cmd=func_convert_file_noop
lt_cv_truncate_bin='/usr/bin/dd bs=4096 count=1'
php_cv_cc_rpath=yes

## ----------------- ##
## Output variables. ##
## ----------------- ##

AR='ar'
AWK='nawk'
BUILD_CC='cc'
CC='cc'
CFLAGS='-g -O2'
CONFIGURE_COMMAND=' '\''./configure'\''  '\''--enable-oqs'\'''
CONFIGURE_OPTIONS=' '\''--enable-oqs'\'''
CPP='cc -E'
CPPFLAGS=' -DHAVE_CONFIG_H'
DEFS='-DHAVE_CONFIG_H'
DLLTOOL='false'
DSYMUTIL=''
DUMPBIN=''
ECHO_C=''
ECHO_N='-n'
ECHO_T=''
EGREP='/usr/bin/grep -E'
EXEEXT=''
FGREP='/usr/bin/grep -F'
GREP='/usr/bin/grep'
LD='/usr/bin/ld -m elf_x86_64'
LDFLAGS=''
LIBOBJS=''
LIBS=''
LIBTOOL='$(SHELL) $(top_builddir)/libtool'
LIPO=''
LN_S='ln -s'
LTLIBOBJS=''
LT_SYS_LIBRARY_PATH=''
MANIFEST_TOOL=':'
NM='/usr/bin/nm -B'
NMEDIT=''
OBJDUMP='objdump'
OBJEXT='o'
OTOOL64=''
OTOOL=''
PACKAGE_BUGREPORT=''
PACKAGE_NAME=''
PACKAGE_STRING=''
PACKAGE_TARNAME=''
PACKAGE_URL=''
PACKAGE_VERSION=''
PATH_SEPARATOR=':'
PKG_CONFIG='/usr/bin/pkg-config'
PKG_CONFIG_LIBDIR=''
PKG_CONFIG_PATH=''
RANLIB='ranlib'
SED='/usr/bin/sed'
SHELL='/bin/bash'
SHLIB_DL_SUFFIX_NAME='so'
SHLIB_SUFFIX_NAME='so'
STRIP='strip'
ac_ct_AR='ar'
ac_ct_CC='cc'
ac_ct_DUMPBIN=''
bindir='${exec_prefix}/bin'
build='x86_64-pc-linux-gnu'
build_alias=''
build_cpu='x86_64'
build_os='linux-gnu'
build_vendor='pc'
datadir='${datarootdir}'
datarootdir='${prefix}/share'
docdir='${datarootdir}/doc/${PACKAGE}'
dvidir='${docdir}'
exec_prefix='$(prefix)'
host='x86_64-pc-linux-gnu'
host_alias='x86_64-pc-linux-gnu'
host_cpu='x86_64'
host_os='linux-gnu'
host_vendor='pc'
htmldir='${docdir}'
includedir='${prefix}/include'
infodir='${datarootdir}/info'
libdir='${exec_prefix}/lib'
libexecdir='${exec_prefix}/libexec'
localedir='${datarootdir}/locale'
localstatedir='${prefix}/var'
mandir='${datarootdir}/man'
oldincludedir='/usr/include'
pdfdir='${docdir}'
prefix='/usr'
program_transform_name='s,x,x,'
psdir='${docdir}'
runstatedir='${localstatedir}/run'
sbindir='${exec_prefix}/sbin'
sharedstatedir='${prefix}/com'
sysconfdir='${prefix}/etc'
target='x86_64-pc-linux-gnu'
target_alias=''
target_cpu='x86_64'
target_os='linux-gnu'
target_vendor='pc'

## ----------- ##
## confdefs.h. ##
## ----------- ##

/* confdefs.h */
#define PACKAGE_NAME ""
#define PACKAGE_TARNAME ""
#define PACKAGE_VERSION ""
#define PACKAGE_STRING ""
#define PACKAGE_BUGREPORT ""
#define PACKAGE_URL ""
#define HAVE_OQS 1
#define COMPILE_DL_OQS 1
#define HAVE_STDIO_H 1
#define HAVE_STDLIB_H 1
#define HAVE_STRING_H 1
#define HAVE_INTTYPES_H 1
#define HAVE_STDINT_H 1
#define HAVE_STRINGS_H 1
#define HAVE_SYS_STAT_H 1
#define HAVE_SYS_TYPES_H 1
#define HAVE_UNISTD_H 1
#define STDC_HEADERS 1
#define HAVE_DLFCN_H 1
#define LT_OBJDIR ".libs/"

configure: exit 0
